CMD: python -m ibkr_trading_bot.main download --symbol GC --expiry 202509 --days 61 --barSize 5 mins
CWD: C:\Users\adamk\Můj disk

STDOUT:
⬇️  Stahuji data pro GC s expirací 202509…
Stahuji data pro GC (202509) za posledních 61 dnů...
  ➤ Den 1: 2025-09-18
  ➤ Den 2: 2025-09-17
  ➤ Den 3: 2025-09-16
  ➤ Den 4: 2025-09-15
  ➤ Den 5: 2025-09-14
  ➤ Den 6: 2025-09-13
  ➤ Den 7: 2025-09-12
  ➤ Den 8: 2025-09-11
  ➤ Den 9: 2025-09-10
  ➤ Den 10: 2025-09-09
  ➤ Den 11: 2025-09-08
  ➤ Den 12: 2025-09-07
  ➤ Den 13: 2025-09-06
  ➤ Den 14: 2025-09-05
  ➤ Den 15: 2025-09-04
  ➤ Den 16: 2025-09-03
  ➤ Den 17: 2025-09-02
    ⚠️  Mezery mezi svíčkami detekovány
  ➤ Den 18: 2025-09-01
  ➤ Den 19: 2025-08-31
  ➤ Den 20: 2025-08-30
  ➤ Den 21: 2025-08-29
  ➤ Den 22: 2025-08-28
  ➤ Den 23: 2025-08-27
  ➤ Den 24: 2025-08-26
  ➤ Den 25: 2025-08-25
  ➤ Den 26: 2025-08-24
  ➤ Den 27: 2025-08-23
  ➤ Den 28: 2025-08-22
  ➤ Den 29: 2025-08-21
  ➤ Den 30: 2025-08-20
  ➤ Den 31: 2025-08-19
  ➤ Den 32: 2025-08-18
  ➤ Den 33: 2025-08-17
  ➤ Den 34: 2025-08-16
  ➤ Den 35: 2025-08-15
  ➤ Den 36: 2025-08-14
  ➤ Den 37: 2025-08-13
  ➤ Den 38: 2025-08-12
  ➤ Den 39: 2025-08-11
  ➤ Den 40: 2025-08-10
  ➤ Den 41: 2025-08-09
  ➤ Den 42: 2025-08-08
  ➤ Den 43: 2025-08-07
  ➤ Den 44: 2025-08-06
  ➤ Den 45: 2025-08-05
  ➤ Den 46: 2025-08-04
  ➤ Den 47: 2025-08-03
  ➤ Den 48: 2025-08-02
  ➤ Den 49: 2025-08-01
  ➤ Den 50: 2025-07-31
  ➤ Den 51: 2025-07-30
  ➤ Den 52: 2025-07-29
  ➤ Den 53: 2025-07-28
  ➤ Den 54: 2025-07-27
  ➤ Den 55: 2025-07-26
  ➤ Den 56: 2025-07-25
  ➤ Den 57: 2025-07-24
  ➤ Den 58: 2025-07-23
  ➤ Den 59: 2025-07-22
  ➤ Den 60: 2025-07-21
  ➤ Den 61: 2025-07-20
📄 Zkopírováno také jako: C:/Users/adamk/Můj disk/ibkr_trading_bot/data/raw/ohlc_data.csv

✅ Staženo 7183 svíček
Rozsah: 2025-07-17 18:00:00-04:00 až 2025-09-18 06:30:00-04:00
Uloženo do: C:/Users/adamk/Můj disk/ibkr_trading_bot/data/raw/GC_202509_5mins_61d_20250918_1245.csv
✅ Data stažena do složky: C:/Users/adamk/Můj disk/ibkr_trading_bot/data/raw


STDERR:
