CMD: python -m ibkr_trading_bot.main download --symbol GC --expiry 202509 --days 260 --barSize 1 hour
CWD: C:\Users\adamk\Můj disk

STDOUT:
⬇️  Stahuji data pro GC s expirací 202509…
Stahuji data pro GC (202509) za posledních 260 dnů...
  ➤ Den 1: 2025-09-17
    ⚠️  Žádná data pro den 2025-09-17
  ➤ Den 2: 2025-09-16
    ⚠️  Mezery mezi svíčkami detekovány
  ➤ Den 3: 2025-09-15
    ⚠️  Mezery mezi svíčkami detekovány
  ➤ Den 4: 2025-09-14
    ⚠️  Mezery mezi svíčkami detekovány
  ➤ Den 5: 2025-09-13
    ⚠️  Mezery mezi svíčkami detekovány
  ➤ Den 6: 2025-09-12
    ⚠️  Žádná data pro den 2025-09-12
  ➤ Den 7: 2025-09-11
    ⚠️  Žádná data pro den 2025-09-11
  ➤ Den 8: 2025-09-10
    ⚠️  Mezery mezi svíčkami detekovány
  ➤ Den 9: 2025-09-09
    ⚠️  Mezery mezi svíčkami detekovány
  ➤ Den 10: 2025-09-08
    ⚠️  Mezery mezi svíčkami detekovány
  ➤ Den 11: 2025-09-07
    ⚠️  Mezery mezi svíčkami detekovány
  ➤ Den 12: 2025-09-06
    ⚠️  Mezery mezi svíčkami detekovány
  ➤ Den 13: 2025-09-05
    ⚠️  Žádná data pro den 2025-09-05
  ➤ Den 14: 2025-09-04
    ⚠️  Žádná data pro den 2025-09-04
  ➤ Den 15: 2025-09-03
    ⚠️  Mezery mezi svíčkami detekovány
  ➤ Den 16: 2025-09-02
    ⚠️  Mezery mezi svíčkami detekovány
  ➤ Den 17: 2025-09-01
    ⚠️  Mezery mezi svíčkami detekovány
  ➤ Den 18: 2025-08-31
    ⚠️  Mezery mezi svíčkami detekovány
  ➤ Den 19: 2025-08-30
    ⚠️  Mezery mezi svíčkami detekovány
  ➤ Den 20: 2025-08-29
    ⚠️  Mezery mezi svíčkami detekovány
  ➤ Den 21: 2025-08-28
    ⚠️  Mezery mezi svíčkami detekovány
  ➤ Den 22: 2025-08-27
    ⚠️  Mezery mezi svíčkami detekovány
  ➤ Den 23: 2025-08-26
    ⚠️  Mezery mezi svíčkami detekovány
  ➤ Den 24: 2025-08-25
    ⚠️  Mezery mezi svíčkami detekovány
  ➤ Den 25: 2025-08-24
    ⚠️  Mezery mezi svíčkami detekovány
  ➤ Den 26: 2025-08-23
    ⚠️  Mezery mezi svíčkami detekovány
  ➤ Den 27: 2025-08-22
    ⚠️  Mezery mezi svíčkami detekovány
  ➤ Den 28: 2025-08-21
    ⚠️  Mezery mezi svíčkami detekovány
  ➤ Den 29: 2025-08-20
    ⚠️  Mezery mezi svíčkami detekovány
  ➤ Den 30: 2025-08-19
    ⚠️  Mezery mezi svíčkami detekovány
  ➤ Den 31: 2025-08-18
    ⚠️  Mezery mezi svíčkami detekovány
  ➤ Den 32: 2025-08-17
    ⚠️  Mezery mezi svíčkami detekovány
  ➤ Den 33: 2025-08-16
    ⚠️  Mezery mezi svíčkami detekovány
  ➤ Den 34: 2025-08-15
    ⚠️  Mezery mezi svíčkami detekovány
  ➤ Den 35: 2025-08-14
    ⚠️  Mezery mezi svíčkami detekovány
  ➤ Den 36: 2025-08-13
    ⚠️  Mezery mezi svíčkami detekovány
  ➤ Den 37: 2025-08-12
    ⚠️  Mezery mezi svíčkami detekovány
  ➤ Den 38: 2025-08-11
    ⚠️  Mezery mezi svíčkami detekovány
  ➤ Den 39: 2025-08-10
    ⚠️  Mezery mezi svíčkami detekovány
  ➤ Den 40: 2025-08-09
    ⚠️  Mezery mezi svíčkami detekovány
  ➤ Den 41: 2025-08-08
    ⚠️  Mezery mezi svíčkami detekovány
  ➤ Den 42: 2025-08-07
    ⚠️  Mezery mezi svíčkami detekovány
  ➤ Den 43: 2025-08-06
    ⚠️  Mezery mezi svíčkami detekovány
  ➤ Den 44: 2025-08-05
    ⚠️  Mezery mezi svíčkami detekovány
  ➤ Den 45: 2025-08-04
    ⚠️  Mezery mezi svíčkami detekovány
  ➤ Den 46: 2025-08-03
    ⚠️  Mezery mezi svíčkami detekovány
  ➤ Den 47: 2025-08-02
    ⚠️  Mezery mezi svíčkami detekovány
  ➤ Den 48: 2025-08-01
    ⚠️  Mezery mezi svíčkami detekovány
  ➤ Den 49: 2025-07-31
    ⚠️  Mezery mezi svíčkami detekovány
  ➤ Den 50: 2025-07-30
    ⚠️  Mezery mezi svíčkami detekovány
  ➤ Den 51: 2025-07-29
    ⚠️  Mezery mezi svíčkami detekovány
  ➤ Den 52: 2025-07-28
    ⚠️  Mezery mezi svíčkami detekovány
  ➤ Den 53: 2025-07-27
    ⚠️  Mezery mezi svíčkami detekovány
  ➤ Den 54: 2025-07-26
    ⚠️  Mezery mezi svíčkami detekovány
  ➤ Den 55: 2025-07-25
    ⚠️  Mezery mezi svíčkami detekovány
  ➤ Den 56: 2025-07-24
    ⚠️  Mezery mezi svíčkami detekovány
  ➤ Den 57: 2025-07-23
    ⚠️  Mezery mezi svíčkami detekovány
  ➤ Den 58: 2025-07-22
    ⚠️  Mezery mezi svíčkami detekovány
  ➤ Den 59: 2025-07-21
    ⚠️  Mezery mezi svíčkami detekovány
  ➤ Den 60: 2025-07-20
    ⚠️  Mezery mezi svíčkami detekovány
  ➤ Den 61: 2025-07-19
    ⚠️  Mezery mezi svíčkami detekovány
  ➤ Den 62: 2025-07-18
    ⚠️  Mezery mezi svíčkami detekovány
  ➤ Den 63: 2025-07-17
    ⚠️  Mezery mezi svíčkami detekovány
  ➤ Den 64: 2025-07-16
    ⚠️  Mezery mezi svíčkami detekovány
  ➤ Den 65: 2025-07-15
    ⚠️  Mezery mezi svíčkami detekovány
  ➤ Den 66: 2025-07-14
    ⚠️  Mezery mezi svíčkami detekovány
  ➤ Den 67: 2025-07-13
    ⚠️  Mezery mezi svíčkami detekovány
  ➤ Den 68: 2025-07-12
    ⚠️  Mezery mezi svíčkami detekovány
  ➤ Den 69: 2025-07-11
    ⚠️  Mezery mezi svíčkami detekovány
  ➤ Den 70: 2025-07-10
    ⚠️  Mezery mezi svíčkami detekovány
  ➤ Den 71: 2025-07-09
    ⚠️  Mezery mezi svíčkami detekovány
  ➤ Den 72: 2025-07-08
    ⚠️  Mezery mezi svíčkami detekovány
  ➤ Den 73: 2025-07-07
    ⚠️  Mezery mezi svíčkami detekovány
  ➤ Den 74: 2025-07-06
    ⚠️  Mezery mezi svíčkami detekovány
  ➤ Den 75: 2025-07-05
    ⚠️  Mezery mezi svíčkami detekovány
  ➤ Den 76: 2025-07-04
    ⚠️  Mezery mezi svíčkami detekovány
  ➤ Den 77: 2025-07-03
    ⚠️  Mezery mezi svíčkami detekovány
  ➤ Den 78: 2025-07-02
    ⚠️  Mezery mezi svíčkami detekovány
  ➤ Den 79: 2025-07-01
    ⚠️  Mezery mezi svíčkami detekovány
  ➤ Den 80: 2025-06-30
    ⚠️  Mezery mezi svíčkami detekovány
  ➤ Den 81: 2025-06-29
    ⚠️  Mezery mezi svíčkami detekovány
  ➤ Den 82: 2025-06-28
    ⚠️  Mezery mezi svíčkami detekovány
  ➤ Den 83: 2025-06-27
    ⚠️  Mezery mezi svíčkami detekovány
  ➤ Den 84: 2025-06-26
    ⚠️  Mezery mezi svíčkami detekovány
  ➤ Den 85: 2025-06-25
    ⚠️  Mezery mezi svíčkami detekovány
  ➤ Den 86: 2025-06-24
    ⚠️  Mezery mezi svíčkami detekovány
  ➤ Den 87: 2025-06-23
    ⚠️  Mezery mezi svíčkami detekovány
  ➤ Den 88: 2025-06-22
    ⚠️  Mezery mezi svíčkami detekovány
  ➤ Den 89: 2025-06-21
    ⚠️  Mezery mezi svíčkami detekovány
  ➤ Den 90: 2025-06-20
    ⚠️  Mezery mezi svíčkami detekovány
  ➤ Den 91: 2025-06-19
    ⚠️  Mezery mezi svíčkami detekovány
  ➤ Den 92: 2025-06-18
    ⚠️  Mezery mezi svíčkami detekovány
  ➤ Den 93: 2025-06-17
    ⚠️  Mezery mezi svíčkami detekovány
  ➤ Den 94: 2025-06-16
    ⚠️  Mezery mezi svíčkami detekovány
  ➤ Den 95: 2025-06-15
    ⚠️  Mezery mezi svíčkami detekovány
  ➤ Den 96: 2025-06-14
    ⚠️  Mezery mezi svíčkami detekovány
  ➤ Den 97: 2025-06-13
    ⚠️  Mezery mezi svíčkami detekovány
  ➤ Den 98: 2025-06-12
    ⚠️  Mezery mezi svíčkami detekovány
  ➤ Den 99: 2025-06-11
    ⚠️  Mezery mezi svíčkami detekovány
  ➤ Den 100: 2025-06-10
    ⚠️  Mezery mezi svíčkami detekovány
  ➤ Den 101: 2025-06-09
    ⚠️  Mezery mezi svíčkami detekovány
  ➤ Den 102: 2025-06-08
    ⚠️  Mezery mezi svíčkami detekovány
  ➤ Den 103: 2025-06-07
    ⚠️  Mezery mezi svíčkami detekovány
  ➤ Den 104: 2025-06-06
    ⚠️  Mezery mezi svíčkami detekovány
  ➤ Den 105: 2025-06-05
    ⚠️  Mezery mezi svíčkami detekovány
  ➤ Den 106: 2025-06-04
    ⚠️  Mezery mezi svíčkami detekovány
  ➤ Den 107: 2025-06-03
    ⚠️  Mezery mezi svíčkami detekovány
  ➤ Den 108: 2025-06-02
    ⚠️  Mezery mezi svíčkami detekovány
  ➤ Den 109: 2025-06-01
    ⚠️  Mezery mezi svíčkami detekovány
  ➤ Den 110: 2025-05-31
    ⚠️  Mezery mezi svíčkami detekovány
  ➤ Den 111: 2025-05-30
    ⚠️  Mezery mezi svíčkami detekovány
  ➤ Den 112: 2025-05-29
    ⚠️  Mezery mezi svíčkami detekovány
  ➤ Den 113: 2025-05-28
    ⚠️  Mezery mezi svíčkami detekovány
  ➤ Den 114: 2025-05-27
    ⚠️  Mezery mezi svíčkami detekovány
  ➤ Den 115: 2025-05-26
    ⚠️  Mezery mezi svíčkami detekovány
  ➤ Den 116: 2025-05-25
    ⚠️  Mezery mezi svíčkami detekovány
  ➤ Den 117: 2025-05-24
    ⚠️  Mezery mezi svíčkami detekovány
  ➤ Den 118: 2025-05-23
    ⚠️  Mezery mezi svíčkami detekovány
  ➤ Den 119: 2025-05-22
    ⚠️  Mezery mezi svíčkami detekovány
  ➤ Den 120: 2025-05-21
    ⚠️  Mezery mezi svíčkami detekovány
  ➤ Den 121: 2025-05-20
    ⚠️  Mezery mezi svíčkami detekovány
  ➤ Den 122: 2025-05-19
    ⚠️  Mezery mezi svíčkami detekovány
  ➤ Den 123: 2025-05-18
    ⚠️  Mezery mezi svíčkami detekovány
  ➤ Den 124: 2025-05-17
    ⚠️  Mezery mezi svíčkami detekovány
  ➤ Den 125: 2025-05-16
    ⚠️  Mezery mezi svíčkami detekovány
  ➤ Den 126: 2025-05-15
    ⚠️  Mezery mezi svíčkami detekovány
  ➤ Den 127: 2025-05-14
    ⚠️  Žádná data pro den 2025-05-14
  ➤ Den 128: 2025-05-13
    ⚠️  Mezery mezi svíčkami detekovány
  ➤ Den 129: 2025-05-12
    ⚠️  Mezery mezi svíčkami detekovány
  ➤ Den 130: 2025-05-11
    ⚠️  Mezery mezi svíčkami detekovány
  ➤ Den 131: 2025-05-10
    ⚠️  Mezery mezi svíčkami detekovány
  ➤ Den 132: 2025-05-09
    ⚠️  Žádná data pro den 2025-05-09
  ➤ Den 133: 2025-05-08
    ⚠️  Mezery mezi svíčkami detekovány
  ➤ Den 134: 2025-05-07
    ⚠️  Mezery mezi svíčkami detekovány
  ➤ Den 135: 2025-05-06
    ⚠️  Mezery mezi svíčkami detekovány
  ➤ Den 136: 2025-05-05
    ⚠️  Mezery mezi svíčkami detekovány
  ➤ Den 137: 2025-05-04
    ⚠️  Mezery mezi svíčkami detekovány
  ➤ Den 138: 2025-05-03
    ⚠️  Mezery mezi svíčkami detekovány
  ➤ Den 139: 2025-05-02
    ⚠️  Mezery mezi svíčkami detekovány
  ➤ Den 140: 2025-05-01
    ⚠️  Mezery mezi svíčkami detekovány
  ➤ Den 141: 2025-04-30
    ⚠️  Žádná data pro den 2025-04-30
  ➤ Den 142: 2025-04-29
    ⚠️  Žádná data pro den 2025-04-29
  ➤ Den 143: 2025-04-28
    ⚠️  Žádná data pro den 2025-04-28
  ➤ Den 144: 2025-04-27
    ⚠️  Mezery mezi svíčkami detekovány
  ➤ Den 145: 2025-04-26
    ⚠️  Mezery mezi svíčkami detekovány
  ➤ Den 146: 2025-04-25
    ⚠️  Žádná data pro den 2025-04-25
  ➤ Den 147: 2025-04-24
    ⚠️  Mezery mezi svíčkami detekovány
  ➤ Den 148: 2025-04-23
    ⚠️  Mezery mezi svíčkami detekovány
  ➤ Den 149: 2025-04-22
    ⚠️  Mezery mezi svíčkami detekovány
  ➤ Den 150: 2025-04-21
    ⚠️  Mezery mezi svíčkami detekovány
  ➤ Den 151: 2025-04-20
    ⚠️  Žádná data pro den 2025-04-20
  ➤ Den 152: 2025-04-19
    ⚠️  Žádná data pro den 2025-04-19
  ➤ Den 153: 2025-04-18
    ⚠️  Žádná data pro den 2025-04-18
  ➤ Den 154: 2025-04-17
    ⚠️  Žádná data pro den 2025-04-17
  ➤ Den 155: 2025-04-16
    ⚠️  Mezery mezi svíčkami detekovány
  ➤ Den 156: 2025-04-15
    ⚠️  Mezery mezi svíčkami detekovány
  ➤ Den 157: 2025-04-14
    ⚠️  Žádná data pro den 2025-04-14
  ➤ Den 158: 2025-04-13
    ⚠️  Mezery mezi svíčkami detekovány
  ➤ Den 159: 2025-04-12
    ⚠️  Mezery mezi svíčkami detekovány
  ➤ Den 160: 2025-04-11
    ⚠️  Žádná data pro den 2025-04-11
  ➤ Den 161: 2025-04-10
    ⚠️  Žádná data pro den 2025-04-10
  ➤ Den 162: 2025-04-09
    ⚠️  Žádná data pro den 2025-04-09
  ➤ Den 163: 2025-04-08
    ⚠️  Žádná data pro den 2025-04-08
  ➤ Den 164: 2025-04-07
    ⚠️  Mezery mezi svíčkami detekovány
  ➤ Den 165: 2025-04-06
    ⚠️  Mezery mezi svíčkami detekovány
  ➤ Den 166: 2025-04-05
    ⚠️  Mezery mezi svíčkami detekovány
  ➤ Den 167: 2025-04-04
    ⚠️  Žádná data pro den 2025-04-04
  ➤ Den 168: 2025-04-03
    ⚠️  Žádná data pro den 2025-04-03
  ➤ Den 169: 2025-04-02
    ⚠️  Žádná data pro den 2025-04-02
  ➤ Den 170: 2025-04-01
    ⚠️  Žádná data pro den 2025-04-01
  ➤ Den 171: 2025-03-31
    ⚠️  Žádná data pro den 2025-03-31
  ➤ Den 172: 2025-03-30
    ⚠️  Mezery mezi svíčkami detekovány
  ➤ Den 173: 2025-03-29
    ⚠️  Mezery mezi svíčkami detekovány
  ➤ Den 174: 2025-03-28
    ⚠️  Mezery mezi svíčkami detekovány
  ➤ Den 175: 2025-03-27
    ⚠️  Žádná data pro den 2025-03-27
  ➤ Den 176: 2025-03-26
  ➤ Den 177: 2025-03-25
    ⚠️  Žádná data pro den 2025-03-25
  ➤ Den 178: 2025-03-24
    ⚠️  Žádná data pro den 2025-03-24
  ➤ Den 179: 2025-03-23
    ⚠️  Mezery mezi svíčkami detekovány
  ➤ Den 180: 2025-03-22
    ⚠️  Mezery mezi svíčkami detekovány
  ➤ Den 181: 2025-03-21
    ⚠️  Mezery mezi svíčkami detekovány
  ➤ Den 182: 2025-03-20
    ⚠️  Žádná data pro den 2025-03-20
  ➤ Den 183: 2025-03-19
    ⚠️  Žádná data pro den 2025-03-19
  ➤ Den 184: 2025-03-18
    ⚠️  Žádná data pro den 2025-03-18
  ➤ Den 185: 2025-03-17
    ⚠️  Žádná data pro den 2025-03-17
  ➤ Den 186: 2025-03-16
    ⚠️  Žádná data pro den 2025-03-16
  ➤ Den 187: 2025-03-15
    ⚠️  Žádná data pro den 2025-03-15
  ➤ Den 188: 2025-03-14
    ⚠️  Žádná data pro den 2025-03-14
  ➤ Den 189: 2025-03-13
    ⚠️  Mezery mezi svíčkami detekovány
  ➤ Den 190: 2025-03-12
    ⚠️  Žádná data pro den 2025-03-12
  ➤ Den 191: 2025-03-11
    ⚠️  Žádná data pro den 2025-03-11
  ➤ Den 192: 2025-03-10
    ⚠️  Žádná data pro den 2025-03-10
  ➤ Den 193: 2025-03-09
    ⚠️  Žádná data pro den 2025-03-09
  ➤ Den 194: 2025-03-08
    ⚠️  Žádná data pro den 2025-03-08
  ➤ Den 195: 2025-03-07
    ⚠️  Žádná data pro den 2025-03-07
  ➤ Den 196: 2025-03-06
    ⚠️  Žádná data pro den 2025-03-06
  ➤ Den 197: 2025-03-05
    ⚠️  Žádná data pro den 2025-03-05
  ➤ Den 198: 2025-03-04
    ⚠️  Žádná data pro den 2025-03-04
  ➤ Den 199: 2025-03-03
    ⚠️  Žádná data pro den 2025-03-03
  ➤ Den 200: 2025-03-02
    ⚠️  Žádná data pro den 2025-03-02
  ➤ Den 201: 2025-03-01
    ⚠️  Žádná data pro den 2025-03-01
  ➤ Den 202: 2025-02-28
    ⚠️  Žádná data pro den 2025-02-28
  ➤ Den 203: 2025-02-27
    ⚠️  Žádná data pro den 2025-02-27
  ➤ Den 204: 2025-02-26
    ⚠️  Žádná data pro den 2025-02-26
  ➤ Den 205: 2025-02-25
    ⚠️  Žádná data pro den 2025-02-25
  ➤ Den 206: 2025-02-24
    ⚠️  Žádná data pro den 2025-02-24
  ➤ Den 207: 2025-02-23
    ⚠️  Žádná data pro den 2025-02-23
  ➤ Den 208: 2025-02-22
    ⚠️  Žádná data pro den 2025-02-22
  ➤ Den 209: 2025-02-21
    ⚠️  Žádná data pro den 2025-02-21
  ➤ Den 210: 2025-02-20
    ⚠️  Žádná data pro den 2025-02-20
  ➤ Den 211: 2025-02-19
    ⚠️  Žádná data pro den 2025-02-19
  ➤ Den 212: 2025-02-18
    ⚠️  Žádná data pro den 2025-02-18
  ➤ Den 213: 2025-02-17
    ⚠️  Žádná data pro den 2025-02-17
  ➤ Den 214: 2025-02-16
    ⚠️  Žádná data pro den 2025-02-16
  ➤ Den 215: 2025-02-15
    ⚠️  Žádná data pro den 2025-02-15
  ➤ Den 216: 2025-02-14
    ⚠️  Žádná data pro den 2025-02-14
  ➤ Den 217: 2025-02-13
    ⚠️  Žádná data pro den 2025-02-13
  ➤ Den 218: 2025-02-12
    ⚠️  Žádná data pro den 2025-02-12
  ➤ Den 219: 2025-02-11
    ⚠️  Žádná data pro den 2025-02-11
  ➤ Den 220: 2025-02-10
    ⚠️  Žádná data pro den 2025-02-10
  ➤ Den 221: 2025-02-09
    ⚠️  Žádná data pro den 2025-02-09
  ➤ Den 222: 2025-02-08
    ⚠️  Žádná data pro den 2025-02-08
  ➤ Den 223: 2025-02-07
    ⚠️  Žádná data pro den 2025-02-07
  ➤ Den 224: 2025-02-06
    ⚠️  Žádná data pro den 2025-02-06
  ➤ Den 225: 2025-02-05
    ⚠️  Žádná data pro den 2025-02-05
  ➤ Den 226: 2025-02-04
    ⚠️  Žádná data pro den 2025-02-04
  ➤ Den 227: 2025-02-03
    ⚠️  Žádná data pro den 2025-02-03
  ➤ Den 228: 2025-02-02
    ⚠️  Žádná data pro den 2025-02-02
  ➤ Den 229: 2025-02-01
    ⚠️  Žádná data pro den 2025-02-01
  ➤ Den 230: 2025-01-31
    ⚠️  Žádná data pro den 2025-01-31
  ➤ Den 231: 2025-01-30
    ⚠️  Žádná data pro den 2025-01-30
  ➤ Den 232: 2025-01-29
    ⚠️  Žádná data pro den 2025-01-29
  ➤ Den 233: 2025-01-28
    ⚠️  Žádná data pro den 2025-01-28
  ➤ Den 234: 2025-01-27
    ⚠️  Žádná data pro den 2025-01-27
  ➤ Den 235: 2025-01-26
    ⚠️  Žádná data pro den 2025-01-26
  ➤ Den 236: 2025-01-25
    ⚠️  Žádná data pro den 2025-01-25
  ➤ Den 237: 2025-01-24
    ⚠️  Žádná data pro den 2025-01-24
  ➤ Den 238: 2025-01-23
    ⚠️  Žádná data pro den 2025-01-23
  ➤ Den 239: 2025-01-22
    ⚠️  Žádná data pro den 2025-01-22
  ➤ Den 240: 2025-01-21
    ⚠️  Žádná data pro den 2025-01-21
  ➤ Den 241: 2025-01-20
    ⚠️  Žádná data pro den 2025-01-20
  ➤ Den 242: 2025-01-19
    ⚠️  Žádná data pro den 2025-01-19
  ➤ Den 243: 2025-01-18
    ⚠️  Žádná data pro den 2025-01-18
  ➤ Den 244: 2025-01-17
    ⚠️  Žádná data pro den 2025-01-17
  ➤ Den 245: 2025-01-16
    ⚠️  Žádná data pro den 2025-01-16
  ➤ Den 246: 2025-01-15
    ⚠️  Žádná data pro den 2025-01-15
  ➤ Den 247: 2025-01-14
    ⚠️  Žádná data pro den 2025-01-14
  ➤ Den 248: 2025-01-13
    ⚠️  Žádná data pro den 2025-01-13
  ➤ Den 249: 2025-01-12
    ⚠️  Žádná data pro den 2025-01-12
  ➤ Den 250: 2025-01-11
    ⚠️  Žádná data pro den 2025-01-11
  ➤ Den 251: 2025-01-10
    ⚠️  Žádná data pro den 2025-01-10
  ➤ Den 252: 2025-01-09
    ⚠️  Žádná data pro den 2025-01-09
  ➤ Den 253: 2025-01-08
    ⚠️  Žádná data pro den 2025-01-08
  ➤ Den 254: 2025-01-07
    ⚠️  Žádná data pro den 2025-01-07
  ➤ Den 255: 2025-01-06
    ⚠️  Žádná data pro den 2025-01-06
  ➤ Den 256: 2025-01-05
    ⚠️  Žádná data pro den 2025-01-05
  ➤ Den 257: 2025-01-04
    ⚠️  Žádná data pro den 2025-01-04
  ➤ Den 258: 2025-01-03
    ⚠️  Žádná data pro den 2025-01-03
  ➤ Den 259: 2025-01-02
    ⚠️  Žádná data pro den 2025-01-02
  ➤ Den 260: 2025-01-01
    ⚠️  Žádná data pro den 2025-01-01
📄 Zkopírováno také jako: C:/Users/adamk/Můj disk/ibkr_trading_bot/data/raw/ohlc_data.csv

✅ Staženo 1079 svíček
Rozsah: 2025-03-12 22:00:00-04:00 až 2025-09-16 00:00:00-04:00
Uloženo do: C:/Users/adamk/Můj disk/ibkr_trading_bot/data/raw/GC_202509_1hour_260d_20250917_0655.csv


STDERR:
Error 162, reqId 3: Historical Market Data Service error message:HMDS query returned no data: GCU5@COMEX Trades, contract: Future(symbol='GC', lastTradeDateOrContractMonth='202509', exchange='COMEX', currency='USD')
Error 162, reqId 8: Historical Market Data Service error message:HMDS query returned no data: GCU5@COMEX Trades, contract: Future(symbol='GC', lastTradeDateOrContractMonth='202509', exchange='COMEX', currency='USD')
Error 162, reqId 9: Historical Market Data Service error message:HMDS query returned no data: GCU5@COMEX Trades, contract: Future(symbol='GC', lastTradeDateOrContractMonth='202509', exchange='COMEX', currency='USD')
Error 162, reqId 15: Historical Market Data Service error message:HMDS query returned no data: GCU5@COMEX Trades, contract: Future(symbol='GC', lastTradeDateOrContractMonth='202509', exchange='COMEX', currency='USD')
Error 162, reqId 16: Historical Market Data Service error message:HMDS query returned no data: GCU5@COMEX Trades, contract: Future(symbol='GC', lastTradeDateOrContractMonth='202509', exchange='COMEX', currency='USD')
Error 162, reqId 129: Historical Market Data Service error message:HMDS query returned no data: GCU5@COMEX Trades, contract: Future(symbol='GC', lastTradeDateOrContractMonth='202509', exchange='COMEX', currency='USD')
Error 162, reqId 134: Historical Market Data Service error message:HMDS query returned no data: GCU5@COMEX Trades, contract: Future(symbol='GC', lastTradeDateOrContractMonth='202509', exchange='COMEX', currency='USD')
Error 162, reqId 143: Historical Market Data Service error message:HMDS query returned no data: GCU5@COMEX Trades, contract: Future(symbol='GC', lastTradeDateOrContractMonth='202509', exchange='COMEX', currency='USD')
Error 162, reqId 144: Historical Market Data Service error message:HMDS query returned no data: GCU5@COMEX Trades, contract: Future(symbol='GC', lastTradeDateOrContractMonth='202509', exchange='COMEX', currency='USD')
Error 162, reqId 145: Historical Market Data Service error message:HMDS query returned no data: GCU5@COMEX Trades, contract: Future(symbol='GC', lastTradeDateOrContractMonth='202509', exchange='COMEX', currency='USD')
Error 162, reqId 148: Historical Market Data Service error message:HMDS query returned no data: GCU5@COMEX Trades, contract: Future(symbol='GC', lastTradeDateOrContractMonth='202509', exchange='COMEX', currency='USD')
Error 162, reqId 153: Historical Market Data Service error message:HMDS query returned no data: GCU5@COMEX Trades, contract: Future(symbol='GC', lastTradeDateOrContractMonth='202509', exchange='COMEX', currency='USD')
Error 162, reqId 154: Historical Market Data Service error message:HMDS query returned no data: GCU5@COMEX Trades, contract: Future(symbol='GC', lastTradeDateOrContractMonth='202509', exchange='COMEX', currency='USD')
Error 162, reqId 155: Historical Market Data Service error message:HMDS query returned no data: GCU5@COMEX Trades, contract: Future(symbol='GC', lastTradeDateOrContractMonth='202509', exchange='COMEX', currency='USD')
Error 162, reqId 156: Historical Market Data Service error message:HMDS query returned no data: GCU5@COMEX Trades, contract: Future(symbol='GC', lastTradeDateOrContractMonth='202509', exchange='COMEX', currency='USD')
Error 162, reqId 159: Historical Market Data Service error message:HMDS query returned no data: GCU5@COMEX Trades, contract: Future(symbol='GC', lastTradeDateOrContractMonth='202509', exchange='COMEX', currency='USD')
Error 162, reqId 162: Historical Market Data Service error message:HMDS query returned no data: GCU5@COMEX Trades, contract: Future(symbol='GC', lastTradeDateOrContractMonth='202509', exchange='COMEX', currency='USD')
Error 162, reqId 163: Historical Market Data Service error message:HMDS query returned no data: GCU5@COMEX Trades, contract: Future(symbol='GC', lastTradeDateOrContractMonth='202509', exchange='COMEX', currency='USD')
Error 162, reqId 164: Historical Market Data Service error message:HMDS query returned no data: GCU5@COMEX Trades, contract: Future(symbol='GC', lastTradeDateOrContractMonth='202509', exchange='COMEX', currency='USD')
Error 162, reqId 165: Historical Market Data Service error message:HMDS query returned no data: GCU5@COMEX Trades, contract: Future(symbol='GC', lastTradeDateOrContractMonth='202509', exchange='COMEX', currency='USD')
Error 162, reqId 169: Historical Market Data Service error message:HMDS query returned no data: GCU5@COMEX Trades, contract: Future(symbol='GC', lastTradeDateOrContractMonth='202509', exchange='COMEX', currency='USD')
Error 162, reqId 170: Historical Market Data Service error message:HMDS query returned no data: GCU5@COMEX Trades, contract: Future(symbol='GC', lastTradeDateOrContractMonth='202509', exchange='COMEX', currency='USD')
Error 162, reqId 171: Historical Market Data Service error message:HMDS query returned no data: GCU5@COMEX Trades, contract: Future(symbol='GC', lastTradeDateOrContractMonth='202509', exchange='COMEX', currency='USD')
Error 162, reqId 172: Historical Market Data Service error message:HMDS query returned no data: GCU5@COMEX Trades, contract: Future(symbol='GC', lastTradeDateOrContractMonth='202509', exchange='COMEX', currency='USD')
Error 162, reqId 173: Historical Market Data Service error message:HMDS query returned no data: GCU5@COMEX Trades, contract: Future(symbol='GC', lastTradeDateOrContractMonth='202509', exchange='COMEX', currency='USD')
Error 162, reqId 177: Historical Market Data Service error message:HMDS query returned no data: GCU5@COMEX Trades, contract: Future(symbol='GC', lastTradeDateOrContractMonth='202509', exchange='COMEX', currency='USD')
Error 162, reqId 179: Historical Market Data Service error message:HMDS query returned no data: GCU5@COMEX Trades, contract: Future(symbol='GC', lastTradeDateOrContractMonth='202509', exchange='COMEX', currency='USD')
Error 162, reqId 180: Historical Market Data Service error message:HMDS query returned no data: GCU5@COMEX Trades, contract: Future(symbol='GC', lastTradeDateOrContractMonth='202509', exchange='COMEX', currency='USD')
Error 162, reqId 184: Historical Market Data Service error message:HMDS query returned no data: GCU5@COMEX Trades, contract: Future(symbol='GC', lastTradeDateOrContractMonth='202509', exchange='COMEX', currency='USD')
Error 162, reqId 185: Historical Market Data Service error message:HMDS query returned no data: GCU5@COMEX Trades, contract: Future(symbol='GC', lastTradeDateOrContractMonth='202509', exchange='COMEX', currency='USD')
Error 162, reqId 186: Historical Market Data Service error message:HMDS query returned no data: GCU5@COMEX Trades, contract: Future(symbol='GC', lastTradeDateOrContractMonth='202509', exchange='COMEX', currency='USD')
Error 162, reqId 187: Historical Market Data Service error message:HMDS query returned no data: GCU5@COMEX Trades, contract: Future(symbol='GC', lastTradeDateOrContractMonth='202509', exchange='COMEX', currency='USD')
Error 162, reqId 188: Historical Market Data Service error message:HMDS query returned no data: GCU5@COMEX Trades, contract: Future(symbol='GC', lastTradeDateOrContractMonth='202509', exchange='COMEX', currency='USD')
Error 162, reqId 189: Historical Market Data Service error message:HMDS query returned no data: GCU5@COMEX Trades, contract: Future(symbol='GC', lastTradeDateOrContractMonth='202509', exchange='COMEX', currency='USD')
Error 162, reqId 190: Historical Market Data Service error message:HMDS query returned no data: GCU5@COMEX Trades, contract: Future(symbol='GC', lastTradeDateOrContractMonth='202509', exchange='COMEX', currency='USD')
Error 162, reqId 192: Historical Market Data Service error message:HMDS query returned no data: GCU5@COMEX Trades, contract: Future(symbol='GC', lastTradeDateOrContractMonth='202509', exchange='COMEX', currency='USD')
Error 162, reqId 193: Historical Market Data Service error message:HMDS query returned no data: GCU5@COMEX Trades, contract: Future(symbol='GC', lastTradeDateOrContractMonth='202509', exchange='COMEX', currency='USD')
Error 162, reqId 194: Historical Market Data Service error message:HMDS query returned no data: GCU5@COMEX Trades, contract: Future(symbol='GC', lastTradeDateOrContractMonth='202509', exchange='COMEX', currency='USD')
Error 162, reqId 195: Historical Market Data Service error message:HMDS query returned no data: GCU5@COMEX Trades, contract: Future(symbol='GC', lastTradeDateOrContractMonth='202509', exchange='COMEX', currency='USD')
Error 162, reqId 196: Historical Market Data Service error message:HMDS query returned no data: GCU5@COMEX Trades, contract: Future(symbol='GC', lastTradeDateOrContractMonth='202509', exchange='COMEX', currency='USD')
Error 162, reqId 197: Historical Market Data Service error message:HMDS query returned no data: GCU5@COMEX Trades, contract: Future(symbol='GC', lastTradeDateOrContractMonth='202509', exchange='COMEX', currency='USD')
Error 162, reqId 198: Historical Market Data Service error message:HMDS query returned no data: GCU5@COMEX Trades, contract: Future(symbol='GC', lastTradeDateOrContractMonth='202509', exchange='COMEX', currency='USD')
Error 162, reqId 199: Historical Market Data Service error message:HMDS query returned no data: GCU5@COMEX Trades, contract: Future(symbol='GC', lastTradeDateOrContractMonth='202509', exchange='COMEX', currency='USD')
Error 162, reqId 200: Historical Market Data Service error message:HMDS query returned no data: GCU5@COMEX Trades, contract: Future(symbol='GC', lastTradeDateOrContractMonth='202509', exchange='COMEX', currency='USD')
Error 162, reqId 201: Historical Market Data Service error message:HMDS query returned no data: GCU5@COMEX Trades, contract: Future(symbol='GC', lastTradeDateOrContractMonth='202509', exchange='COMEX', currency='USD')
Error 162, reqId 202: Historical Market Data Service error message:HMDS query returned no data: GCU5@COMEX Trades, contract: Future(symbol='GC', lastTradeDateOrContractMonth='202509', exchange='COMEX', currency='USD')
Error 162, reqId 203: Historical Market Data Service error message:HMDS query returned no data: GCU5@COMEX Trades, contract: Future(symbol='GC', lastTradeDateOrContractMonth='202509', exchange='COMEX', currency='USD')
Error 162, reqId 204: Historical Market Data Service error message:HMDS query returned no data: GCU5@COMEX Trades, contract: Future(symbol='GC', lastTradeDateOrContractMonth='202509', exchange='COMEX', currency='USD')
Error 162, reqId 205: Historical Market Data Service error message:HMDS query returned no data: GCU5@COMEX Trades, contract: Future(symbol='GC', lastTradeDateOrContractMonth='202509', exchange='COMEX', currency='USD')
Error 162, reqId 206: Historical Market Data Service error message:HMDS query returned no data: GCU5@COMEX Trades, contract: Future(symbol='GC', lastTradeDateOrContractMonth='202509', exchange='COMEX', currency='USD')
Error 162, reqId 207: Historical Market Data Service error message:HMDS query returned no data: GCU5@COMEX Trades, contract: Future(symbol='GC', lastTradeDateOrContractMonth='202509', exchange='COMEX', currency='USD')
Error 162, reqId 208: Historical Market Data Service error message:HMDS query returned no data: GCU5@COMEX Trades, contract: Future(symbol='GC', lastTradeDateOrContractMonth='202509', exchange='COMEX', currency='USD')
Error 162, reqId 209: Historical Market Data Service error message:HMDS query returned no data: GCU5@COMEX Trades, contract: Future(symbol='GC', lastTradeDateOrContractMonth='202509', exchange='COMEX', currency='USD')
Error 162, reqId 210: Historical Market Data Service error message:HMDS query returned no data: GCU5@COMEX Trades, contract: Future(symbol='GC', lastTradeDateOrContractMonth='202509', exchange='COMEX', currency='USD')
Error 162, reqId 211: Historical Market Data Service error message:HMDS query returned no data: GCU5@COMEX Trades, contract: Future(symbol='GC', lastTradeDateOrContractMonth='202509', exchange='COMEX', currency='USD')
Error 162, reqId 212: Historical Market Data Service error message:HMDS query returned no data: GCU5@COMEX Trades, contract: Future(symbol='GC', lastTradeDateOrContractMonth='202509', exchange='COMEX', currency='USD')
Error 162, reqId 213: Historical Market Data Service error message:HMDS query returned no data: GCU5@COMEX Trades, contract: Future(symbol='GC', lastTradeDateOrContractMonth='202509', exchange='COMEX', currency='USD')
Error 162, reqId 214: Historical Market Data Service error message:HMDS query returned no data: GCU5@COMEX Trades, contract: Future(symbol='GC', lastTradeDateOrContractMonth='202509', exchange='COMEX', currency='USD')
Error 162, reqId 215: Historical Market Data Service error message:HMDS query returned no data: GCU5@COMEX Trades, contract: Future(symbol='GC', lastTradeDateOrContractMonth='202509', exchange='COMEX', currency='USD')
Error 162, reqId 216: Historical Market Data Service error message:HMDS query returned no data: GCU5@COMEX Trades, contract: Future(symbol='GC', lastTradeDateOrContractMonth='202509', exchange='COMEX', currency='USD')
Error 162, reqId 217: Historical Market Data Service error message:HMDS query returned no data: GCU5@COMEX Trades, contract: Future(symbol='GC', lastTradeDateOrContractMonth='202509', exchange='COMEX', currency='USD')
Error 162, reqId 218: Historical Market Data Service error message:HMDS query returned no data: GCU5@COMEX Trades, contract: Future(symbol='GC', lastTradeDateOrContractMonth='202509', exchange='COMEX', currency='USD')
Error 162, reqId 219: Historical Market Data Service error message:HMDS query returned no data: GCU5@COMEX Trades, contract: Future(symbol='GC', lastTradeDateOrContractMonth='202509', exchange='COMEX', currency='USD')
Error 162, reqId 220: Historical Market Data Service error message:HMDS query returned no data: GCU5@COMEX Trades, contract: Future(symbol='GC', lastTradeDateOrContractMonth='202509', exchange='COMEX', currency='USD')
Error 162, reqId 221: Historical Market Data Service error message:HMDS query returned no data: GCU5@COMEX Trades, contract: Future(symbol='GC', lastTradeDateOrContractMonth='202509', exchange='COMEX', currency='USD')
Error 162, reqId 222: Historical Market Data Service error message:HMDS query returned no data: GCU5@COMEX Trades, contract: Future(symbol='GC', lastTradeDateOrContractMonth='202509', exchange='COMEX', currency='USD')
Error 162, reqId 223: Historical Market Data Service error message:HMDS query returned no data: GCU5@COMEX Trades, contract: Future(symbol='GC', lastTradeDateOrContractMonth='202509', exchange='COMEX', currency='USD')
Error 162, reqId 224: Historical Market Data Service error message:HMDS query returned no data: GCU5@COMEX Trades, contract: Future(symbol='GC', lastTradeDateOrContractMonth='202509', exchange='COMEX', currency='USD')
Error 162, reqId 225: Historical Market Data Service error message:HMDS query returned no data: GCU5@COMEX Trades, contract: Future(symbol='GC', lastTradeDateOrContractMonth='202509', exchange='COMEX', currency='USD')
Error 162, reqId 226: Historical Market Data Service error message:HMDS query returned no data: GCU5@COMEX Trades, contract: Future(symbol='GC', lastTradeDateOrContractMonth='202509', exchange='COMEX', currency='USD')
Error 162, reqId 227: Historical Market Data Service error message:HMDS query returned no data: GCU5@COMEX Trades, contract: Future(symbol='GC', lastTradeDateOrContractMonth='202509', exchange='COMEX', currency='USD')
Error 162, reqId 228: Historical Market Data Service error message:HMDS query returned no data: GCU5@COMEX Trades, contract: Future(symbol='GC', lastTradeDateOrContractMonth='202509', exchange='COMEX', currency='USD')
Error 162, reqId 229: Historical Market Data Service error message:HMDS query returned no data: GCU5@COMEX Trades, contract: Future(symbol='GC', lastTradeDateOrContractMonth='202509', exchange='COMEX', currency='USD')
Error 162, reqId 230: Historical Market Data Service error message:HMDS query returned no data: GCU5@COMEX Trades, contract: Future(symbol='GC', lastTradeDateOrContractMonth='202509', exchange='COMEX', currency='USD')
Error 162, reqId 231: Historical Market Data Service error message:HMDS query returned no data: GCU5@COMEX Trades, contract: Future(symbol='GC', lastTradeDateOrContractMonth='202509', exchange='COMEX', currency='USD')
Error 162, reqId 232: Historical Market Data Service error message:HMDS query returned no data: GCU5@COMEX Trades, contract: Future(symbol='GC', lastTradeDateOrContractMonth='202509', exchange='COMEX', currency='USD')
Error 162, reqId 233: Historical Market Data Service error message:HMDS query returned no data: GCU5@COMEX Trades, contract: Future(symbol='GC', lastTradeDateOrContractMonth='202509', exchange='COMEX', currency='USD')
Error 162, reqId 234: Historical Market Data Service error message:HMDS query returned no data: GCU5@COMEX Trades, contract: Future(symbol='GC', lastTradeDateOrContractMonth='202509', exchange='COMEX', currency='USD')
Error 162, reqId 235: Historical Market Data Service error message:HMDS query returned no data: GCU5@COMEX Trades, contract: Future(symbol='GC', lastTradeDateOrContractMonth='202509', exchange='COMEX', currency='USD')
Error 162, reqId 236: Historical Market Data Service error message:HMDS query returned no data: GCU5@COMEX Trades, contract: Future(symbol='GC', lastTradeDateOrContractMonth='202509', exchange='COMEX', currency='USD')
Error 162, reqId 237: Historical Market Data Service error message:HMDS query returned no data: GCU5@COMEX Trades, contract: Future(symbol='GC', lastTradeDateOrContractMonth='202509', exchange='COMEX', currency='USD')
Error 162, reqId 238: Historical Market Data Service error message:HMDS query returned no data: GCU5@COMEX Trades, contract: Future(symbol='GC', lastTradeDateOrContractMonth='202509', exchange='COMEX', currency='USD')
Error 162, reqId 239: Historical Market Data Service error message:HMDS query returned no data: GCU5@COMEX Trades, contract: Future(symbol='GC', lastTradeDateOrContractMonth='202509', exchange='COMEX', currency='USD')
Error 162, reqId 240: Historical Market Data Service error message:HMDS query returned no data: GCU5@COMEX Trades, contract: Future(symbol='GC', lastTradeDateOrContractMonth='202509', exchange='COMEX', currency='USD')
Error 162, reqId 241: Historical Market Data Service error message:HMDS query returned no data: GCU5@COMEX Trades, contract: Future(symbol='GC', lastTradeDateOrContractMonth='202509', exchange='COMEX', currency='USD')
Error 162, reqId 242: Historical Market Data Service error message:HMDS query returned no data: GCU5@COMEX Trades, contract: Future(symbol='GC', lastTradeDateOrContractMonth='202509', exchange='COMEX', currency='USD')
Error 162, reqId 243: Historical Market Data Service error message:HMDS query returned no data: GCU5@COMEX Trades, contract: Future(symbol='GC', lastTradeDateOrContractMonth='202509', exchange='COMEX', currency='USD')
Error 162, reqId 244: Historical Market Data Service error message:HMDS query returned no data: GCU5@COMEX Trades, contract: Future(symbol='GC', lastTradeDateOrContractMonth='202509', exchange='COMEX', currency='USD')
Error 162, reqId 245: Historical Market Data Service error message:HMDS query returned no data: GCU5@COMEX Trades, contract: Future(symbol='GC', lastTradeDateOrContractMonth='202509', exchange='COMEX', currency='USD')
Error 162, reqId 246: Historical Market Data Service error message:HMDS query returned no data: GCU5@COMEX Trades, contract: Future(symbol='GC', lastTradeDateOrContractMonth='202509', exchange='COMEX', currency='USD')
Error 162, reqId 247: Historical Market Data Service error message:HMDS query returned no data: GCU5@COMEX Trades, contract: Future(symbol='GC', lastTradeDateOrContractMonth='202509', exchange='COMEX', currency='USD')
Error 162, reqId 248: Historical Market Data Service error message:HMDS query returned no data: GCU5@COMEX Trades, contract: Future(symbol='GC', lastTradeDateOrContractMonth='202509', exchange='COMEX', currency='USD')
Error 162, reqId 249: Historical Market Data Service error message:HMDS query returned no data: GCU5@COMEX Trades, contract: Future(symbol='GC', lastTradeDateOrContractMonth='202509', exchange='COMEX', currency='USD')
Error 162, reqId 250: Historical Market Data Service error message:HMDS query returned no data: GCU5@COMEX Trades, contract: Future(symbol='GC', lastTradeDateOrContractMonth='202509', exchange='COMEX', currency='USD')
Error 162, reqId 251: Historical Market Data Service error message:HMDS query returned no data: GCU5@COMEX Trades, contract: Future(symbol='GC', lastTradeDateOrContractMonth='202509', exchange='COMEX', currency='USD')
Error 162, reqId 252: Historical Market Data Service error message:HMDS query returned no data: GCU5@COMEX Trades, contract: Future(symbol='GC', lastTradeDateOrContractMonth='202509', exchange='COMEX', currency='USD')
Error 162, reqId 253: Historical Market Data Service error message:HMDS query returned no data: GCU5@COMEX Trades, contract: Future(symbol='GC', lastTradeDateOrContractMonth='202509', exchange='COMEX', currency='USD')
Error 162, reqId 254: Historical Market Data Service error message:HMDS query returned no data: GCU5@COMEX Trades, contract: Future(symbol='GC', lastTradeDateOrContractMonth='202509', exchange='COMEX', currency='USD')
Error 162, reqId 255: Historical Market Data Service error message:HMDS query returned no data: GCU5@COMEX Trades, contract: Future(symbol='GC', lastTradeDateOrContractMonth='202509', exchange='COMEX', currency='USD')
Error 162, reqId 256: Historical Market Data Service error message:HMDS query returned no data: GCU5@COMEX Trades, contract: Future(symbol='GC', lastTradeDateOrContractMonth='202509', exchange='COMEX', currency='USD')
Error 162, reqId 257: Historical Market Data Service error message:HMDS query returned no data: GCU5@COMEX Trades, contract: Future(symbol='GC', lastTradeDateOrContractMonth='202509', exchange='COMEX', currency='USD')
Error 162, reqId 258: Historical Market Data Service error message:HMDS query returned no data: GCU5@COMEX Trades, contract: Future(symbol='GC', lastTradeDateOrContractMonth='202509', exchange='COMEX', currency='USD')
Error 162, reqId 259: Historical Market Data Service error message:HMDS query returned no data: GCU5@COMEX Trades, contract: Future(symbol='GC', lastTradeDateOrContractMonth='202509', exchange='COMEX', currency='USD')
Error 162, reqId 260: Historical Market Data Service error message:HMDS query returned no data: GCU5@COMEX Trades, contract: Future(symbol='GC', lastTradeDateOrContractMonth='202509', exchange='COMEX', currency='USD')
Error 162, reqId 261: Historical Market Data Service error message:HMDS query returned no data: GCU5@COMEX Trades, contract: Future(symbol='GC', lastTradeDateOrContractMonth='202509', exchange='COMEX', currency='USD')
Error 162, reqId 262: Historical Market Data Service error message:HMDS query returned no data: GCU5@COMEX Trades, contract: Future(symbol='GC', lastTradeDateOrContractMonth='202509', exchange='COMEX', currency='USD')
